<?xml version="1.0" encoding="UTF-8"?>
<!-- Generated by org.testng.reporters.JUnitXMLReporter -->
<testsuite ignored="1" hostname="COGNINE-L226" failures="0" tests="2" name="Chorus Test" time="5.976" errors="0" timestamp="2026-02-23T13:30:23 IST">
  <testcase classname="testcases.ChorusLoginusinglocatersfile" name="UserLogin" time="4.871"/>
  <testcase classname="testcases.AppsPage" name="AppLunch" time="1.063"/>
  <testcase classname="base.Browsers" name="@AfterSuite BrowserClose" time="0.0">
    <ignored/>
  </testcase> <!-- @AfterSuite BrowserClose -->
</testsuite> <!-- Chorus Test -->
