<?xml version="1.0" encoding="UTF-8"?>
<!-- Generated by org.testng.reporters.JUnitXMLReporter -->
<testsuite ignored="1" hostname="COGNINE-L226" failures="1" tests="2" name="Chorus Test" time="10.596" errors="0" timestamp="2026-01-13T15:23:20 IST">
  <testcase classname="testcases.ChorusLoginusinglocatersfile" name="UserLogin" time="8.978"/>
  <testcase classname="testcases.DefectTrackerApp" name="DefectTrackerAppLaunch" time="0.002">
    <failure type="java.lang.Error" message="Unresolved compilation problems: 
	ExcelUtils cannot be resolved
	DefectData cannot be resolved to a type
	ExcelUtils cannot be resolved
	ExcelUtils cannot be resolved
	DefectData cannot be resolved to a type
">
      <![CDATA[java.lang.Error: Unresolved compilation problems: 
ExcelUtils cannot be resolved
DefectData cannot be resolved to a type
ExcelUtils cannot be resolved
ExcelUtils cannot be resolved
DefectData cannot be resolved to a type

at testcases.DefectTrackerApp.DefectTrackerAppLaunch(DefectTrackerApp.java:90)
at java.base/java.util.ArrayList.forEach(ArrayList.java:1541)
... Removed 27 stack frames]]>
    </failure>
  </testcase> <!-- DefectTrackerAppLaunch -->
  <testcase classname="base.Browsers" name="@AfterSuite BrowserClose" time="0.0">
    <ignored/>
  </testcase> <!-- @AfterSuite BrowserClose -->
</testsuite> <!-- Chorus Test -->
