<?xml version="1.0" encoding="UTF-8"?>
<!-- Generated by org.testng.reporters.JUnitXMLReporter -->
<testsuite ignored="1" hostname="COGNINE-L226" failures="0" tests="2" name="Default test" time="60.984" errors="0" timestamp="2026-01-08T18:58:57 IST">
  <testcase classname="testcases.ChorusLoginusinglocatersfile" name="UserLogin" time="8.382"/>
  <testcase classname="testcases.DefectTrackerApp" name="DefectTrackerAppLaunch" time="51.051"/>
  <testcase classname="base.Browsers" name="@AfterSuite BrowserClose" time="0.0">
    <ignored/>
  </testcase> <!-- @AfterSuite BrowserClose -->
</testsuite> <!-- Default test -->
