<?xml version="1.0" encoding="UTF-8"?>
<testng-results ignored="1" total="3" passed="2" failed="0" skipped="0">
  <reporter-output>
  </reporter-output>
  <suite started-at="2026-02-23T13:30:17 IST" name="Chorus Test Suite" finished-at="2026-02-23T13:30:23 IST" duration-ms="5976">
    <groups>
      <group name="appLunch">
        <method signature="AppsPage.AppLunch()[pri:2, instance:testcases.AppsPage@4a883b15]" name="AppLunch" class="testcases.AppsPage"/>
      </group> <!-- appLunch -->
      <group name="login">
        <method signature="ChorusLoginusinglocatersfile.UserLogin()[pri:1, instance:testcases.ChorusLoginusinglocatersfile@4d5650ae]" name="UserLogin" class="testcases.ChorusLoginusinglocatersfile"/>
      </group> <!-- login -->
    </groups>
    <test started-at="2026-02-23T13:30:17 IST" name="Chorus Test" finished-at="2026-02-23T13:30:23 IST" duration-ms="5976">
      <class name="testcases.AppsPage">
        <test-method is-config="true" signature="setup()[pri:0, instance:testcases.AppsPage@4a883b15]" started-at="2026-02-23T13:30:22 IST" name="setup" finished-at="2026-02-23T13:30:22 IST" duration-ms="1" status="PASS">
          <reporter-output>
          </reporter-output>
        </test-method> <!-- setup -->
        <test-method signature="AppLunch()[pri:2, instance:testcases.AppsPage@4a883b15]" started-at="2026-02-23T13:30:22 IST" name="AppLunch" depends-on-groups="login" finished-at="2026-02-23T13:30:23 IST" duration-ms="1063" status="PASS">
          <reporter-output>
          </reporter-output>
        </test-method> <!-- AppLunch -->
      </class> <!-- testcases.AppsPage -->
      <class name="testcases.ChorusLoginusinglocatersfile">
        <test-method is-config="true" signature="setup()[pri:0, instance:testcases.ChorusLoginusinglocatersfile@4d5650ae]" started-at="2026-02-23T13:30:13 IST" name="setup" finished-at="2026-02-23T13:30:17 IST" duration-ms="3923" status="PASS">
          <reporter-output>
          </reporter-output>
        </test-method> <!-- setup -->
        <test-method is-config="true" signature="initUtils()[pri:0, instance:testcases.ChorusLoginusinglocatersfile@4d5650ae]" started-at="2026-02-23T13:30:17 IST" name="initUtils" finished-at="2026-02-23T13:30:17 IST" duration-ms="0" status="PASS">
          <reporter-output>
          </reporter-output>
        </test-method> <!-- initUtils -->
        <test-method signature="UserLogin()[pri:1, instance:testcases.ChorusLoginusinglocatersfile@4d5650ae]" started-at="2026-02-23T13:30:17 IST" name="UserLogin" finished-at="2026-02-23T13:30:22 IST" duration-ms="4871" status="PASS">
          <reporter-output>
          </reporter-output>
        </test-method> <!-- UserLogin -->
        <test-method is-config="true" signature="BrowserClose()[pri:0, instance:testcases.ChorusLoginusinglocatersfile@4d5650ae]" started-at="2026-02-23T13:30:23 IST" name="BrowserClose" finished-at="2026-02-23T13:30:23 IST" duration-ms="262" status="PASS">
          <reporter-output>
          </reporter-output>
        </test-method> <!-- BrowserClose -->
      </class> <!-- testcases.ChorusLoginusinglocatersfile -->
    </test> <!-- Chorus Test -->
  </suite> <!-- Chorus Test Suite -->
</testng-results>
