<?xml version="1.0" encoding="UTF-8"?>
<testng-results ignored="1" total="3" passed="1" failed="1" skipped="0">
  <reporter-output>
  </reporter-output>
  <suite started-at="2026-01-13T15:23:10 IST" name="Chorus Test Suite" finished-at="2026-01-13T15:23:20 IST" duration-ms="10596">
    <groups>
      <group name="defectTrackerAppLunch">
        <method signature="DefectTrackerApp.DefectTrackerAppLaunch()[pri:2, instance:testcases.DefectTrackerApp@3012646b]" name="DefectTrackerAppLaunch" class="testcases.DefectTrackerApp"/>
      </group> <!-- defectTrackerAppLunch -->
      <group name="login">
        <method signature="ChorusLoginusinglocatersfile.UserLogin()[pri:1, instance:testcases.ChorusLoginusinglocatersfile@2e3967ea]" name="UserLogin" class="testcases.ChorusLoginusinglocatersfile"/>
      </group> <!-- login -->
    </groups>
    <test started-at="2026-01-13T15:23:10 IST" name="Chorus Test" finished-at="2026-01-13T15:23:20 IST" duration-ms="10596">
      <class name="testcases.DefectTrackerApp">
        <test-method is-config="true" signature="setup()[pri:0, instance:testcases.DefectTrackerApp@3012646b]" started-at="2026-01-13T15:23:20 IST" name="setup" finished-at="2026-01-13T15:23:20 IST" duration-ms="1" status="PASS">
          <reporter-output>
          </reporter-output>
        </test-method> <!-- setup -->
        <test-method signature="DefectTrackerAppLaunch()[pri:2, instance:testcases.DefectTrackerApp@3012646b]" started-at="2026-01-13T15:23:20 IST" name="DefectTrackerAppLaunch" depends-on-groups="login" finished-at="2026-01-13T15:23:20 IST" duration-ms="2" status="FAIL">
          <exception class="java.lang.Error">
            <message>
              <![CDATA[Unresolved compilation problems: 
ExcelUtils cannot be resolved
DefectData cannot be resolved to a type
ExcelUtils cannot be resolved
ExcelUtils cannot be resolved
DefectData cannot be resolved to a type
]]>
            </message>
            <full-stacktrace>
              <![CDATA[java.lang.Error: Unresolved compilation problems: 
ExcelUtils cannot be resolved
DefectData cannot be resolved to a type
ExcelUtils cannot be resolved
ExcelUtils cannot be resolved
DefectData cannot be resolved to a type

at testcases.DefectTrackerApp.DefectTrackerAppLaunch(DefectTrackerApp.java:90)
at java.base/jdk.internal.reflect.NativeMethodAccessorImpl.invoke0(Native Method)
at java.base/jdk.internal.reflect.NativeMethodAccessorImpl.invoke(NativeMethodAccessorImpl.java:62)
at java.base/jdk.internal.reflect.DelegatingMethodAccessorImpl.invoke(DelegatingMethodAccessorImpl.java:43)
at java.base/java.lang.reflect.Method.invoke(Method.java:566)
at org.testng.internal.MethodInvocationHelper.invokeMethod(MethodInvocationHelper.java:133)
at org.testng.internal.TestInvoker.invokeMethod(TestInvoker.java:598)
at org.testng.internal.TestInvoker.invokeTestMethod(TestInvoker.java:173)
at org.testng.internal.MethodRunner.runInSequence(MethodRunner.java:46)
at org.testng.internal.TestInvoker$MethodInvocationAgent.invoke(TestInvoker.java:824)
at org.testng.internal.TestInvoker.invokeTestMethods(TestInvoker.java:146)
at org.testng.internal.TestMethodWorker.invokeTestMethods(TestMethodWorker.java:146)
at org.testng.internal.TestMethodWorker.run(TestMethodWorker.java:128)
at java.base/java.util.ArrayList.forEach(ArrayList.java:1541)
at org.testng.TestRunner.privateRun(TestRunner.java:794)
at org.testng.TestRunner.run(TestRunner.java:596)
at org.testng.SuiteRunner.runTest(SuiteRunner.java:377)
at org.testng.SuiteRunner.runSequentially(SuiteRunner.java:371)
at org.testng.SuiteRunner.privateRun(SuiteRunner.java:332)
at org.testng.SuiteRunner.run(SuiteRunner.java:276)
at org.testng.SuiteRunnerWorker.runSuite(SuiteRunnerWorker.java:53)
at org.testng.SuiteRunnerWorker.run(SuiteRunnerWorker.java:96)
at org.testng.TestNG.runSuitesSequentially(TestNG.java:1212)
at org.testng.TestNG.runSuitesLocally(TestNG.java:1134)
at org.testng.TestNG.runSuites(TestNG.java:1063)
at org.testng.TestNG.run(TestNG.java:1031)
at org.testng.remote.AbstractRemoteTestNG.run(AbstractRemoteTestNG.java:115)
at org.testng.remote.RemoteTestNG.initAndRun(RemoteTestNG.java:293)
at org.testng.remote.RemoteTestNG.main(RemoteTestNG.java:91)
]]>
            </full-stacktrace>
          </exception> <!-- java.lang.Error -->
          <reporter-output>
          </reporter-output>
        </test-method> <!-- DefectTrackerAppLaunch -->
      </class> <!-- testcases.DefectTrackerApp -->
      <class name="testcases.ChorusLoginusinglocatersfile">
        <test-method is-config="true" signature="setup()[pri:0, instance:testcases.ChorusLoginusinglocatersfile@2e3967ea]" started-at="2026-01-13T15:23:10 IST" name="setup" finished-at="2026-01-13T15:23:11 IST" duration-ms="1565" status="PASS">
          <reporter-output>
          </reporter-output>
        </test-method> <!-- setup -->
        <test-method signature="UserLogin()[pri:1, instance:testcases.ChorusLoginusinglocatersfile@2e3967ea]" started-at="2026-01-13T15:23:11 IST" name="UserLogin" finished-at="2026-01-13T15:23:20 IST" duration-ms="8978" status="PASS">
          <reporter-output>
          </reporter-output>
        </test-method> <!-- UserLogin -->
        <test-method is-config="true" signature="BrowserClose()[pri:0, instance:testcases.ChorusLoginusinglocatersfile@2e3967ea]" started-at="2026-01-13T15:23:20 IST" name="BrowserClose" finished-at="2026-01-13T15:23:20 IST" duration-ms="179" status="PASS">
          <reporter-output>
          </reporter-output>
        </test-method> <!-- BrowserClose -->
      </class> <!-- testcases.ChorusLoginusinglocatersfile -->
    </test> <!-- Chorus Test -->
  </suite> <!-- Chorus Test Suite -->
</testng-results>
